<?xml version="1.0" encoding="UTF-8"?>
<!-- Generated by org.testng.reporters.JUnitReportReporter -->
<testsuite hostname="Computer" failures="0" tests="1" name="givenAutomation.automation.jenkinHello" time="10.691" errors="0" timestamp="2024-02-13T12:15:47 IST" skipped="0">
  <testcase classname="givenAutomation.automation.jenkinHello" name="launck" time="10.691"/>
</testsuite> <!-- givenAutomation.automation.jenkinHello -->
